<?xml version='1.0' encoding='utf-8'?>
<testsuites name="cocotb tests"><testsuite name="test_protocol_mesi" errors="0" failures="0" skipped="0" tests="8" time="7.556" timestamp="2026-09-20T19:24:25.427137+00:00" hostname="vm"><testcase classname="test_protocol_mesi" name="test_lone_reader_gets_exclusive" time="0.004"><properties><property name="cocotb" value="True" /><property name="random_seed" value="1789932265" /><property name="file" value="/home/user/coherent_noc/tb/tests/test_protocol_mesi.py" /><property name="line" value="51" /><property name="sim_time_unit" value="ns" /><property name="sim_time_start" value="0.0" /><property name="sim_time_stop" value="341.0" /><property name="sim_time_duration" value="341.0" /><property name="sim_time_ratio" value="81615.22513184848" /></properties></testcase><testcase classname="test_protocol_mesi" name="test_e_to_m_upgrade_is_silent" time="0.004"><properties><property name="cocotb" value="True" /><property name="random_seed" value="1789932265" /><property name="file" value="/home/user/coherent_noc/tb/tests/test_protocol_mesi.py" /><property name="line" value="57" /><property name="sim_time_unit" value="ns" /><property name="sim_time_start" value="341.001" /><property name="sim_time_stop" value="632.001" /><property name="sim_time_duration" value="291.0" /><property name="sim_time_ratio" value="81850.116414581" /></properties></testcase><testcase classname="test_protocol_mesi" name="test_two_cores_share_a_line" time="0.005"><properties><property name="cocotb" value="True" /><property name="random_seed" value="1789932265" /><property name="file" value="/home/user/coherent_noc/tb/tests/test_protocol_mesi.py" /><property name="line" value="63" /><property name="sim_time_unit" value="ns" /><property name="sim_time_start" value="632.002" /><property name="sim_time_stop" value="1123.002" /><property name="sim_time_duration" value="491.0" /><property name="sim_time_ratio" value="103834.89108965987" /></properties></testcase><testcase classname="test_protocol_mesi" name="test_store_invalidates_sharers" time="0.007"><properties><property name="cocotb" value="True" /><property name="random_seed" value="1789932265" /><property name="file" value="/home/user/coherent_noc/tb/tests/test_protocol_mesi.py" /><property name="line" value="69" /><property name="sim_time_unit" value="ns" /><property name="sim_time_start" value="1123.003" /><property name="sim_time_stop" value="1894.003" /><property name="sim_time_duration" value="771.0" /><property name="sim_time_ratio" value="109045.50110972111" /></properties></testcase><testcase classname="test_protocol_mesi" name="test_read_of_a_dirty_line_downgrades_the_owner" time="0.005"><properties><property name="cocotb" value="True" /><property name="random_seed" value="1789932265" /><property name="file" value="/home/user/coherent_noc/tb/tests/test_protocol_mesi.py" /><property name="line" value="75" /><property name="sim_time_unit" value="ns" /><property name="sim_time_start" value="1894.004" /><property name="sim_time_stop" value="2465.004" /><property name="sim_time_duration" value="571.0" /><property name="sim_time_ratio" value="114143.27082087475" /></properties></testcase><testcase classname="test_protocol_mesi" name="test_r11_silent_upgrade_then_eviction" time="0.011"><properties><property name="cocotb" value="True" /><property name="random_seed" value="1789932265" /><property name="file" value="/home/user/coherent_noc/tb/tests/test_protocol_mesi.py" /><property name="line" value="81" /><property name="sim_time_unit" value="ns" /><property name="sim_time_start" value="2465.005" /><property name="sim_time_stop" value="3786.005" /><property name="sim_time_duration" value="1321.0" /><property name="sim_time_ratio" value="121604.4645823237" /></properties></testcase><testcase classname="test_protocol_mesi" name="test_r5_put_from_non_owner" time="0.061"><properties><property name="cocotb" value="True" /><property name="random_seed" value="1789932265" /><property name="file" value="/home/user/coherent_noc/tb/tests/test_protocol_mesi.py" /><property name="line" value="87" /><property name="sim_time_unit" value="ns" /><property name="sim_time_start" value="3786.006" /><property name="sim_time_stop" value="10497.006" /><property name="sim_time_duration" value="6711.0" /><property name="sim_time_ratio" value="110585.52274259324" /></properties></testcase><testcase classname="test_protocol_mesi" name="test_random_mesi_with_swmr" time="7.460"><properties><property name="cocotb" value="True" /><property name="random_seed" value="1789932265" /><property name="file" value="/home/user/coherent_noc/tb/tests/test_protocol_mesi.py" /><property name="line" value="94" /><property name="sim_time_unit" value="ns" /><property name="sim_time_start" value="10497.007" /><property name="sim_time_stop" value="586018.007" /><property name="sim_time_duration" value="575521.0" /><property name="sim_time_ratio" value="77147.55546572318" /></properties></testcase></testsuite></testsuites>