<?xml version='1.0' encoding='utf-8'?>
<testsuites name="cocotb tests"><testsuite name="test_unit_rr_arbiter" errors="0" failures="0" skipped="0" tests="5" time="0.461" timestamp="2026-09-20T18:33:40.434760+00:00" hostname="vm"><testcase classname="test_unit_rr_arbiter" name="test_grant_is_onehot_and_legal" time="0.075"><properties><property name="cocotb" value="True" /><property name="random_seed" value="1789929220" /><property name="file" value="/home/user/coherent_noc/tb/tests/test_unit_rr_arbiter.py" /><property name="line" value="33" /><property name="sim_time_unit" value="ns" /><property name="sim_time_start" value="0.0" /><property name="sim_time_stop" value="20031.0" /><property name="sim_time_duration" value="20031.0" /><property name="sim_time_ratio" value="268057.4948869924" /></properties></testcase><testcase classname="test_unit_rr_arbiter" name="test_pointer_holds_when_grant_not_taken" time="0.001"><properties><property name="cocotb" value="True" /><property name="random_seed" value="1789929220" /><property name="file" value="/home/user/coherent_noc/tb/tests/test_unit_rr_arbiter.py" /><property name="line" value="59" /><property name="sim_time_unit" value="ns" /><property name="sim_time_start" value="20031.001" /><property name="sim_time_stop" value="20282.001" /><property name="sim_time_duration" value="251.0" /><property name="sim_time_ratio" value="368182.57184620656" /></properties></testcase><testcase classname="test_unit_rr_arbiter" name="test_round_robin_order_when_taken" time="0.000"><properties><property name="cocotb" value="True" /><property name="random_seed" value="1789929220" /><property name="file" value="/home/user/coherent_noc/tb/tests/test_unit_rr_arbiter.py" /><property name="line" value="85" /><property name="sim_time_unit" value="ns" /><property name="sim_time_start" value="20282.002" /><property name="sim_time_stop" value="20453.002" /><property name="sim_time_duration" value="171.0" /><property name="sim_time_ratio" value="372411.0896675416" /></properties></testcase><testcase classname="test_unit_rr_arbiter" name="test_fairness_over_10k_cycles" time="0.193"><properties><property name="cocotb" value="True" /><property name="random_seed" value="1789929220" /><property name="file" value="/home/user/coherent_noc/tb/tests/test_unit_rr_arbiter.py" /><property name="line" value="105" /><property name="sim_time_unit" value="ns" /><property name="sim_time_start" value="20453.003" /><property name="sim_time_stop" value="120504.003" /><property name="sim_time_duration" value="100051.0" /><property name="sim_time_ratio" value="519624.834100118" /></properties></testcase><testcase classname="test_unit_rr_arbiter" name="test_fairness_with_partial_requesters" time="0.192"><properties><property name="cocotb" value="True" /><property name="random_seed" value="1789929220" /><property name="file" value="/home/user/coherent_noc/tb/tests/test_unit_rr_arbiter.py" /><property name="line" value="135" /><property name="sim_time_unit" value="ns" /><property name="sim_time_start" value="120504.004" /><property name="sim_time_stop" value="220555.004" /><property name="sim_time_duration" value="100050.99999999999" /><property name="sim_time_ratio" value="520679.2610184721" /></properties></testcase></testsuite></testsuites>