<?xml version='1.0' encoding='utf-8'?>
<testsuites name="cocotb tests"><testsuite name="test_noc_router" errors="0" failures="0" skipped="0" tests="5" time="0.027" timestamp="2026-09-20T17:52:59.963716+00:00" hostname="vm"><testcase classname="test_noc_router" name="test_flit_codec_matches_rtl" time="0.002"><properties><property name="cocotb" value="True" /><property name="random_seed" value="1789926779" /><property name="file" value="/home/user/coherent_noc/tb/tests/test_noc_router.py" /><property name="line" value="84" /><property name="sim_time_unit" value="ns" /><property name="sim_time_start" value="0.0" /><property name="sim_time_stop" value="111.0" /><property name="sim_time_duration" value="111.0" /><property name="sim_time_ratio" value="62711.049515210936" /></properties></testcase><testcase classname="test_noc_router" name="test_every_input_reaches_every_legal_output" time="0.003"><properties><property name="cocotb" value="True" /><property name="random_seed" value="1789926779" /><property name="file" value="/home/user/coherent_noc/tb/tests/test_noc_router.py" /><property name="line" value="114" /><property name="sim_time_unit" value="ns" /><property name="sim_time_start" value="111.001" /><property name="sim_time_stop" value="332.001" /><property name="sim_time_duration" value="220.99999999999997" /><property name="sim_time_ratio" value="85574.96502739322" /></properties></testcase><testcase classname="test_noc_router" name="test_multiflit_packet_stays_contiguous" time="0.001"><properties><property name="cocotb" value="True" /><property name="random_seed" value="1789926779" /><property name="file" value="/home/user/coherent_noc/tb/tests/test_noc_router.py" /><property name="line" value="160" /><property name="sim_time_unit" value="ns" /><property name="sim_time_start" value="332.002" /><property name="sim_time_stop" value="503.002" /><property name="sim_time_duration" value="171.0" /><property name="sim_time_ratio" value="115947.21758968498" /></properties></testcase><testcase classname="test_noc_router" name="test_random_traffic_no_loss_or_duplication" time="0.015"><properties><property name="cocotb" value="True" /><property name="random_seed" value="1789926779" /><property name="file" value="/home/user/coherent_noc/tb/tests/test_noc_router.py" /><property name="line" value="196" /><property name="sim_time_unit" value="ns" /><property name="sim_time_start" value="503.003" /><property name="sim_time_stop" value="1764.003" /><property name="sim_time_duration" value="1261.0" /><property name="sim_time_ratio" value="83720.92714414408" /></properties></testcase><testcase classname="test_noc_router" name="test_slow_credit_return_throttles_but_never_drops" time="0.006"><properties><property name="cocotb" value="True" /><property name="random_seed" value="1789926779" /><property name="file" value="/home/user/coherent_noc/tb/tests/test_noc_router.py" /><property name="line" value="237" /><property name="sim_time_unit" value="ns" /><property name="sim_time_start" value="1764.004" /><property name="sim_time_stop" value="2345.004" /><property name="sim_time_duration" value="581.0" /><property name="sim_time_ratio" value="98380.16465799896" /></properties></testcase></testsuite></testsuites>