<?xml version='1.0' encoding='utf-8'?>
<testsuites name="cocotb tests"><testsuite name="test_protocol_msi" errors="0" failures="0" skipped="0" tests="5" time="7.703" timestamp="2026-09-20T19:24:44.203523+00:00" hostname="vm"><testcase classname="test_protocol_msi" name="test_two_cores_share_a_line" time="0.005"><properties><property name="cocotb" value="True" /><property name="random_seed" value="1789932284" /><property name="file" value="/home/user/coherent_noc/tb/tests/test_protocol_msi.py" /><property name="line" value="121" /><property name="sim_time_unit" value="ns" /><property name="sim_time_start" value="0.0" /><property name="sim_time_stop" value="391.0" /><property name="sim_time_duration" value="391.0" /><property name="sim_time_ratio" value="79032.30501935791" /></properties></testcase><testcase classname="test_protocol_msi" name="test_store_invalidates_sharers" time="0.006"><properties><property name="cocotb" value="True" /><property name="random_seed" value="1789932284" /><property name="file" value="/home/user/coherent_noc/tb/tests/test_protocol_msi.py" /><property name="line" value="141" /><property name="sim_time_unit" value="ns" /><property name="sim_time_start" value="391.001" /><property name="sim_time_stop" value="1012.001" /><property name="sim_time_duration" value="621.0" /><property name="sim_time_ratio" value="105017.3253162792" /></properties></testcase><testcase classname="test_protocol_msi" name="test_ownership_migrates" time="0.006"><properties><property name="cocotb" value="True" /><property name="random_seed" value="1789932284" /><property name="file" value="/home/user/coherent_noc/tb/tests/test_protocol_msi.py" /><property name="line" value="171" /><property name="sim_time_unit" value="ns" /><property name="sim_time_start" value="1012.002" /><property name="sim_time_stop" value="1643.002" /><property name="sim_time_duration" value="631.0" /><property name="sim_time_ratio" value="105782.88724973881" /></properties></testcase><testcase classname="test_protocol_msi" name="test_read_of_a_dirty_line_downgrades_the_owner" time="0.005"><properties><property name="cocotb" value="True" /><property name="random_seed" value="1789932284" /><property name="file" value="/home/user/coherent_noc/tb/tests/test_protocol_msi.py" /><property name="line" value="193" /><property name="sim_time_unit" value="ns" /><property name="sim_time_start" value="1643.003" /><property name="sim_time_stop" value="2134.003" /><property name="sim_time_duration" value="491.0000000000002" /><property name="sim_time_ratio" value="100120.20540738695" /></properties></testcase><testcase classname="test_protocol_msi" name="test_random_with_swmr_checker" time="7.682"><properties><property name="cocotb" value="True" /><property name="random_seed" value="1789932284" /><property name="file" value="/home/user/coherent_noc/tb/tests/test_protocol_msi.py" /><property name="line" value="216" /><property name="sim_time_unit" value="ns" /><property name="sim_time_start" value="2134.004" /><property name="sim_time_stop" value="581785.004" /><property name="sim_time_duration" value="579651.0" /><property name="sim_time_ratio" value="75458.86818856279" /></properties></testcase></testsuite></testsuites>