<?xml version='1.0' encoding='utf-8'?>
<testsuites name="cocotb tests"><testsuite name="test_noc_router" errors="0" failures="0" skipped="0" tests="5" time="0.030" timestamp="2026-09-20T18:33:10.629240+00:00" hostname="vm"><testcase classname="test_noc_router" name="test_flit_codec_matches_rtl" time="0.002"><properties><property name="cocotb" value="True" /><property name="random_seed" value="1789929190" /><property name="file" value="/home/user/coherent_noc/tb/tests/test_noc_router.py" /><property name="line" value="84" /><property name="sim_time_unit" value="ns" /><property name="sim_time_start" value="0.0" /><property name="sim_time_stop" value="111.0" /><property name="sim_time_duration" value="111.0" /><property name="sim_time_ratio" value="46921.22771197051" /></properties></testcase><testcase classname="test_noc_router" name="test_every_input_reaches_every_legal_output" time="0.003"><properties><property name="cocotb" value="True" /><property name="random_seed" value="1789929190" /><property name="file" value="/home/user/coherent_noc/tb/tests/test_noc_router.py" /><property name="line" value="114" /><property name="sim_time_unit" value="ns" /><property name="sim_time_start" value="111.001" /><property name="sim_time_stop" value="332.001" /><property name="sim_time_duration" value="220.99999999999997" /><property name="sim_time_ratio" value="72300.52417234071" /></properties></testcase><testcase classname="test_noc_router" name="test_multiflit_packet_stays_contiguous" time="0.002"><properties><property name="cocotb" value="True" /><property name="random_seed" value="1789929190" /><property name="file" value="/home/user/coherent_noc/tb/tests/test_noc_router.py" /><property name="line" value="160" /><property name="sim_time_unit" value="ns" /><property name="sim_time_start" value="332.002" /><property name="sim_time_stop" value="503.002" /><property name="sim_time_duration" value="171.0" /><property name="sim_time_ratio" value="92676.34656983946" /></properties></testcase><testcase classname="test_noc_router" name="test_random_traffic_no_loss_or_duplication" time="0.016"><properties><property name="cocotb" value="True" /><property name="random_seed" value="1789929190" /><property name="file" value="/home/user/coherent_noc/tb/tests/test_noc_router.py" /><property name="line" value="196" /><property name="sim_time_unit" value="ns" /><property name="sim_time_start" value="503.003" /><property name="sim_time_stop" value="1764.003" /><property name="sim_time_duration" value="1261.0" /><property name="sim_time_ratio" value="77394.63511844282" /></properties></testcase><testcase classname="test_noc_router" name="test_slow_credit_return_throttles_but_never_drops" time="0.006"><properties><property name="cocotb" value="True" /><property name="random_seed" value="1789929190" /><property name="file" value="/home/user/coherent_noc/tb/tests/test_noc_router.py" /><property name="line" value="237" /><property name="sim_time_unit" value="ns" /><property name="sim_time_start" value="1764.004" /><property name="sim_time_stop" value="2345.004" /><property name="sim_time_duration" value="581.0" /><property name="sim_time_ratio" value="92431.10184003202" /></properties></testcase></testsuite></testsuites>