<?xml version='1.0' encoding='utf-8'?>
<testsuites name="cocotb tests"><testsuite name="test_dbg_l1" errors="0" failures="0" skipped="0" tests="1" time="0.011" timestamp="2026-09-20T17:49:21.303522+00:00" hostname="vm"><testcase classname="test_dbg_l1" name="dbg" time="0.011"><properties><property name="cocotb" value="True" /><property name="random_seed" value="1789926561" /><property name="file" value="/home/user/coherent_noc/tb/tests/test_dbg_l1.py" /><property name="line" value="10" /><property name="sim_time_unit" value="ns" /><property name="sim_time_start" value="0.0" /><property name="sim_time_stop" value="981.0" /><property name="sim_time_duration" value="981.0" /><property name="sim_time_ratio" value="90958.6710126607" /></properties></testcase></testsuite></testsuites>