<?xml version='1.0' encoding='utf-8'?>
<testsuites name="cocotb tests"><testsuite name="test_unit_rr_arbiter" errors="0" failures="0" skipped="0" tests="5" time="0.436" timestamp="2026-09-20T19:25:48.675375+00:00" hostname="vm"><testcase classname="test_unit_rr_arbiter" name="test_grant_is_onehot_and_legal" time="0.070"><properties><property name="cocotb" value="True" /><property name="random_seed" value="1789932348" /><property name="file" value="/home/user/coherent_noc/tb/tests/test_unit_rr_arbiter.py" /><property name="line" value="33" /><property name="sim_time_unit" value="ns" /><property name="sim_time_start" value="0.0" /><property name="sim_time_stop" value="20051.0" /><property name="sim_time_duration" value="20051.0" /><property name="sim_time_ratio" value="285388.96868810424" /></properties></testcase><testcase classname="test_unit_rr_arbiter" name="test_pointer_holds_when_grant_not_taken" time="0.001"><properties><property name="cocotb" value="True" /><property name="random_seed" value="1789932348" /><property name="file" value="/home/user/coherent_noc/tb/tests/test_unit_rr_arbiter.py" /><property name="line" value="59" /><property name="sim_time_unit" value="ns" /><property name="sim_time_start" value="20051.001" /><property name="sim_time_stop" value="20322.001" /><property name="sim_time_duration" value="271.0" /><property name="sim_time_ratio" value="476849.06677035155" /></properties></testcase><testcase classname="test_unit_rr_arbiter" name="test_round_robin_order_when_taken" time="0.001"><properties><property name="cocotb" value="True" /><property name="random_seed" value="1789932348" /><property name="file" value="/home/user/coherent_noc/tb/tests/test_unit_rr_arbiter.py" /><property name="line" value="85" /><property name="sim_time_unit" value="ns" /><property name="sim_time_start" value="20322.002" /><property name="sim_time_stop" value="20513.002" /><property name="sim_time_duration" value="191.0" /><property name="sim_time_ratio" value="375297.9290454491" /></properties></testcase><testcase classname="test_unit_rr_arbiter" name="test_fairness_over_10k_cycles" time="0.182"><properties><property name="cocotb" value="True" /><property name="random_seed" value="1789932348" /><property name="file" value="/home/user/coherent_noc/tb/tests/test_unit_rr_arbiter.py" /><property name="line" value="105" /><property name="sim_time_unit" value="ns" /><property name="sim_time_start" value="20513.003" /><property name="sim_time_stop" value="120584.003" /><property name="sim_time_duration" value="100071.0" /><property name="sim_time_ratio" value="548368.1492467977" /></properties></testcase><testcase classname="test_unit_rr_arbiter" name="test_fairness_with_partial_requesters" time="0.182"><properties><property name="cocotb" value="True" /><property name="random_seed" value="1789932348" /><property name="file" value="/home/user/coherent_noc/tb/tests/test_unit_rr_arbiter.py" /><property name="line" value="135" /><property name="sim_time_unit" value="ns" /><property name="sim_time_start" value="120584.004" /><property name="sim_time_stop" value="220655.004" /><property name="sim_time_duration" value="100070.99999999999" /><property name="sim_time_ratio" value="550379.9833378685" /></properties></testcase></testsuite></testsuites>