<?xml version='1.0' encoding='utf-8'?>
<testsuites name="cocotb tests"><testsuite name="test_l1_nonblocking" errors="0" failures="0" skipped="0" tests="6" time="0.257" timestamp="2026-09-20T17:53:23.219914+00:00" hostname="vm"><testcase classname="test_l1_nonblocking" name="test_four_misses_outstanding_together" time="0.004"><properties><property name="cocotb" value="True" /><property name="random_seed" value="1789926803" /><property name="file" value="/home/user/coherent_noc/tb/tests/test_l1_nonblocking.py" /><property name="line" value="122" /><property name="sim_time_unit" value="ns" /><property name="sim_time_start" value="0.0" /><property name="sim_time_stop" value="541.0" /><property name="sim_time_duration" value="541.0" /><property name="sim_time_ratio" value="152633.33410361726" /></properties></testcase><testcase classname="test_l1_nonblocking" name="test_mshr_full_stalls_then_serves" time="0.004"><properties><property name="cocotb" value="True" /><property name="random_seed" value="1789926803" /><property name="file" value="/home/user/coherent_noc/tb/tests/test_l1_nonblocking.py" /><property name="line" value="147" /><property name="sim_time_unit" value="ns" /><property name="sim_time_start" value="541.001" /><property name="sim_time_stop" value="1332.001" /><property name="sim_time_duration" value="791.0" /><property name="sim_time_ratio" value="197880.00714427631" /></properties></testcase><testcase classname="test_l1_nonblocking" name="test_secondary_miss_does_not_duplicate_mshr" time="0.001"><properties><property name="cocotb" value="True" /><property name="random_seed" value="1789926803" /><property name="file" value="/home/user/coherent_noc/tb/tests/test_l1_nonblocking.py" /><property name="line" value="181" /><property name="sim_time_unit" value="ns" /><property name="sim_time_start" value="1332.002" /><property name="sim_time_stop" value="1543.002" /><property name="sim_time_duration" value="211.0" /><property name="sim_time_ratio" value="186505.81790209233" /></properties></testcase><testcase classname="test_l1_nonblocking" name="test_concurrent_misses_to_one_set_do_not_double_book" time="0.003"><properties><property name="cocotb" value="True" /><property name="random_seed" value="1789926803" /><property name="file" value="/home/user/coherent_noc/tb/tests/test_l1_nonblocking.py" /><property name="line" value="203" /><property name="sim_time_unit" value="ns" /><property name="sim_time_start" value="1543.003" /><property name="sim_time_stop" value="2094.003" /><property name="sim_time_duration" value="551.0000000000002" /><property name="sim_time_ratio" value="194717.3294609622" /></properties></testcase><testcase classname="test_l1_nonblocking" name="test_store_then_load_same_line_ordered" time="0.001"><properties><property name="cocotb" value="True" /><property name="random_seed" value="1789926803" /><property name="file" value="/home/user/coherent_noc/tb/tests/test_l1_nonblocking.py" /><property name="line" value="224" /><property name="sim_time_unit" value="ns" /><property name="sim_time_start" value="2094.004" /><property name="sim_time_stop" value="2305.004" /><property name="sim_time_duration" value="211.0" /><property name="sim_time_ratio" value="191285.3650781106" /></properties></testcase><testcase classname="test_l1_nonblocking" name="test_pipelined_random_against_golden" time="0.245"><properties><property name="cocotb" value="True" /><property name="random_seed" value="1789926803" /><property name="file" value="/home/user/coherent_noc/tb/tests/test_l1_nonblocking.py" /><property name="line" value="240" /><property name="sim_time_unit" value="ns" /><property name="sim_time_start" value="2305.005" /><property name="sim_time_stop" value="41276.005" /><property name="sim_time_duration" value="38971.0" /><property name="sim_time_ratio" value="159135.6622721785" /></properties></testcase></testsuite></testsuites>