<?xml version='1.0' encoding='utf-8'?>
<testsuites name="cocotb tests"><testsuite name="test_unit_skid_buffer" errors="0" failures="0" skipped="0" tests="3" time="0.189" timestamp="2026-09-20T19:25:50.566366+00:00" hostname="vm"><testcase classname="test_unit_skid_buffer" name="test_full_throughput_when_never_stalled" time="0.003"><properties><property name="cocotb" value="True" /><property name="random_seed" value="1789932350" /><property name="file" value="/home/user/coherent_noc/tb/tests/test_unit_skid_buffer.py" /><property name="line" value="25" /><property name="sim_time_unit" value="ns" /><property name="sim_time_start" value="0.0" /><property name="sim_time_stop" value="731.0" /><property name="sim_time_duration" value="731.0" /><property name="sim_time_ratio" value="252194.54098693503" /></properties></testcase><testcase classname="test_unit_skid_buffer" name="test_no_loss_when_ready_drops" time="0.000"><properties><property name="cocotb" value="True" /><property name="random_seed" value="1789932350" /><property name="file" value="/home/user/coherent_noc/tb/tests/test_unit_skid_buffer.py" /><property name="line" value="59" /><property name="sim_time_unit" value="ns" /><property name="sim_time_start" value="731.001" /><property name="sim_time_stop" value="892.001" /><property name="sim_time_duration" value="161.0" /><property name="sim_time_ratio" value="357711.7997977867" /></properties></testcase><testcase classname="test_unit_skid_buffer" name="test_random_backpressure_preserves_order" time="0.186"><properties><property name="cocotb" value="True" /><property name="random_seed" value="1789932350" /><property name="file" value="/home/user/coherent_noc/tb/tests/test_unit_skid_buffer.py" /><property name="line" value="94" /><property name="sim_time_unit" value="ns" /><property name="sim_time_start" value="892.002" /><property name="sim_time_stop" value="60993.002" /><property name="sim_time_duration" value="60101.0" /><property name="sim_time_ratio" value="323569.8831371015" /></properties></testcase></testsuite></testsuites>