<?xml version='1.0' encoding='utf-8'?>
<testsuites name="cocotb tests"><testsuite name="test_dbg_ev" errors="0" failures="0" skipped="0" tests="1" time="0.048" timestamp="2026-09-20T18:25:21.486658+00:00" hostname="vm"><testcase classname="test_dbg_ev" name="dbg" time="0.048"><properties><property name="cocotb" value="True" /><property name="random_seed" value="1789928721" /><property name="file" value="/home/user/coherent_noc/tb/tests/test_dbg_ev.py" /><property name="line" value="15" /><property name="sim_time_unit" value="ns" /><property name="sim_time_start" value="0.0" /><property name="sim_time_stop" value="4481.0" /><property name="sim_time_duration" value="4481.0" /><property name="sim_time_ratio" value="94219.94589895562" /></properties></testcase></testsuite></testsuites>