<?xml version='1.0' encoding='utf-8'?>
<testsuites name="cocotb tests"><testsuite name="test_protocol_noc" errors="0" failures="0" skipped="0" tests="8" time="16.355" timestamp="2026-09-20T19:25:58.381318+00:00" hostname="vm"><testcase classname="test_protocol_noc" name="test_two_cores_share_over_network" time="0.035"><properties><property name="cocotb" value="True" /><property name="random_seed" value="1789932358" /><property name="file" value="/home/user/coherent_noc/tb/tests/test_protocol_noc.py" /><property name="line" value="66" /><property name="sim_time_unit" value="ns" /><property name="sim_time_start" value="0.0" /><property name="sim_time_stop" value="911.0" /><property name="sim_time_duration" value="911.0" /><property name="sim_time_ratio" value="25870.299889758604" /></properties></testcase><testcase classname="test_protocol_noc" name="test_store_invalidates_over_network" time="0.051"><properties><property name="cocotb" value="True" /><property name="random_seed" value="1789932358" /><property name="file" value="/home/user/coherent_noc/tb/tests/test_protocol_noc.py" /><property name="line" value="72" /><property name="sim_time_unit" value="ns" /><property name="sim_time_start" value="911.001" /><property name="sim_time_stop" value="2332.001" /><property name="sim_time_duration" value="1421.0000000000002" /><property name="sim_time_ratio" value="27915.343077105303" /></properties></testcase><testcase classname="test_protocol_noc" name="test_lone_reader_gets_e_over_network" time="0.017"><properties><property name="cocotb" value="True" /><property name="random_seed" value="1789932358" /><property name="file" value="/home/user/coherent_noc/tb/tests/test_protocol_noc.py" /><property name="line" value="78" /><property name="sim_time_unit" value="ns" /><property name="sim_time_start" value="2332.002" /><property name="sim_time_stop" value="2793.002" /><property name="sim_time_duration" value="461.0" /><property name="sim_time_ratio" value="26812.92136372644" /></properties></testcase><testcase classname="test_protocol_noc" name="test_silent_upgrade_over_network" time="0.017"><properties><property name="cocotb" value="True" /><property name="random_seed" value="1789932358" /><property name="file" value="/home/user/coherent_noc/tb/tests/test_protocol_noc.py" /><property name="line" value="84" /><property name="sim_time_unit" value="ns" /><property name="sim_time_start" value="2793.003" /><property name="sim_time_stop" value="3254.003" /><property name="sim_time_duration" value="461.0" /><property name="sim_time_ratio" value="26968.46386178213" /></properties></testcase><testcase classname="test_protocol_noc" name="test_dirty_read_downgrades_over_network" time="0.030"><properties><property name="cocotb" value="True" /><property name="random_seed" value="1789932358" /><property name="file" value="/home/user/coherent_noc/tb/tests/test_protocol_noc.py" /><property name="line" value="90" /><property name="sim_time_unit" value="ns" /><property name="sim_time_start" value="3254.004" /><property name="sim_time_stop" value="4135.004" /><property name="sim_time_duration" value="881.0" /><property name="sim_time_ratio" value="28893.43363775002" /></properties></testcase><testcase classname="test_protocol_noc" name="test_r11_over_network" time="0.062"><properties><property name="cocotb" value="True" /><property name="random_seed" value="1789932358" /><property name="file" value="/home/user/coherent_noc/tb/tests/test_protocol_noc.py" /><property name="line" value="96" /><property name="sim_time_unit" value="ns" /><property name="sim_time_start" value="4135.005" /><property name="sim_time_stop" value="5976.005" /><property name="sim_time_duration" value="1841.0" /><property name="sim_time_ratio" value="29927.47066857744" /></properties></testcase><testcase classname="test_protocol_noc" name="test_r5_over_network" time="0.252"><properties><property name="cocotb" value="True" /><property name="random_seed" value="1789932358" /><property name="file" value="/home/user/coherent_noc/tb/tests/test_protocol_noc.py" /><property name="line" value="102" /><property name="sim_time_unit" value="ns" /><property name="sim_time_start" value="5976.006" /><property name="sim_time_stop" value="13257.006" /><property name="sim_time_duration" value="7280.999999999999" /><property name="sim_time_ratio" value="28934.34118026701" /></properties></testcase><testcase classname="test_protocol_noc" name="test_random_over_network" time="15.891"><properties><property name="cocotb" value="True" /><property name="random_seed" value="1789932358" /><property name="file" value="/home/user/coherent_noc/tb/tests/test_protocol_noc.py" /><property name="line" value="109" /><property name="sim_time_unit" value="ns" /><property name="sim_time_start" value="13257.007" /><property name="sim_time_stop" value="388488.007" /><property name="sim_time_duration" value="375231.0" /><property name="sim_time_ratio" value="23612.87029137511" /></properties></testcase></testsuite></testsuites>