<?xml version='1.0' encoding='utf-8'?>
<testsuites name="cocotb tests"><testsuite name="test_noc_mesh" errors="0" failures="0" skipped="0" tests="6" time="9.819" timestamp="2026-09-20T17:31:16.839693+00:00" hostname="vm"><testcase classname="test_noc_mesh" name="test_uniform_traffic" time="0.024"><properties><property name="cocotb" value="True" /><property name="random_seed" value="1789925476" /><property name="file" value="/home/user/coherent_noc/tb/tests/test_noc_mesh.py" /><property name="line" value="118" /><property name="sim_time_unit" value="ns" /><property name="sim_time_start" value="0.0" /><property name="sim_time_stop" value="571.0" /><property name="sim_time_duration" value="571.0" /><property name="sim_time_ratio" value="23320.16690046662" /></properties></testcase><testcase classname="test_noc_mesh" name="test_tornado_traffic" time="0.017"><properties><property name="cocotb" value="True" /><property name="random_seed" value="1789925476" /><property name="file" value="/home/user/coherent_noc/tb/tests/test_noc_mesh.py" /><property name="line" value="124" /><property name="sim_time_unit" value="ns" /><property name="sim_time_start" value="571.001" /><property name="sim_time_stop" value="1152.001" /><property name="sim_time_duration" value="581.0" /><property name="sim_time_ratio" value="33349.648448185995" /></properties></testcase><testcase classname="test_noc_mesh" name="test_hotspot_traffic" time="0.040"><properties><property name="cocotb" value="True" /><property name="random_seed" value="1789925476" /><property name="file" value="/home/user/coherent_noc/tb/tests/test_noc_mesh.py" /><property name="line" value="130" /><property name="sim_time_unit" value="ns" /><property name="sim_time_start" value="1152.002" /><property name="sim_time_stop" value="2433.002" /><property name="sim_time_duration" value="1281.0" /><property name="sim_time_ratio" value="32213.143279326294" /></properties></testcase><testcase classname="test_noc_mesh" name="test_no_packet_leaves_the_mesh" time="0.048"><properties><property name="cocotb" value="True" /><property name="random_seed" value="1789925476" /><property name="file" value="/home/user/coherent_noc/tb/tests/test_noc_mesh.py" /><property name="line" value="141" /><property name="sim_time_unit" value="ns" /><property name="sim_time_start" value="2433.003" /><property name="sim_time_stop" value="3894.003" /><property name="sim_time_duration" value="1461.0" /><property name="sim_time_ratio" value="30125.641865872854" /></properties></testcase><testcase classname="test_noc_mesh" name="test_load_latency_curve" time="7.548"><properties><property name="cocotb" value="True" /><property name="random_seed" value="1789925476" /><property name="file" value="/home/user/coherent_noc/tb/tests/test_noc_mesh.py" /><property name="line" value="173" /><property name="sim_time_unit" value="ns" /><property name="sim_time_start" value="3894.004" /><property name="sim_time_stop" value="228195.004" /><property name="sim_time_duration" value="224301.0" /><property name="sim_time_ratio" value="29717.82950890467" /></properties></testcase><testcase classname="test_noc_mesh" name="test_credit_round_trip_limits_throughput_not_correctness" time="2.141"><properties><property name="cocotb" value="True" /><property name="random_seed" value="1789925476" /><property name="file" value="/home/user/coherent_noc/tb/tests/test_noc_mesh.py" /><property name="line" value="235" /><property name="sim_time_unit" value="ns" /><property name="sim_time_start" value="228195.005" /><property name="sim_time_stop" value="294366.005" /><property name="sim_time_duration" value="66171.0" /><property name="sim_time_ratio" value="30902.862526114368" /></properties></testcase></testsuite></testsuites>