<?xml version='1.0' encoding='utf-8'?>
<testsuites name="cocotb tests"><testsuite name="test_unit_fifo" errors="0" failures="0" skipped="0" tests="4" time="0.213" timestamp="2026-09-20T17:53:01.184988+00:00" hostname="vm"><testcase classname="test_unit_fifo" name="test_fills_to_depth_then_backpressures" time="0.001"><properties><property name="cocotb" value="True" /><property name="random_seed" value="1789926781" /><property name="file" value="/home/user/coherent_noc/tb/tests/test_unit_fifo.py" /><property name="line" value="27" /><property name="sim_time_unit" value="ns" /><property name="sim_time_start" value="0.0" /><property name="sim_time_stop" value="121.0" /><property name="sim_time_duration" value="121.0" /><property name="sim_time_ratio" value="129597.08165580334" /></properties></testcase><testcase classname="test_unit_fifo" name="test_no_read_when_empty" time="0.000"><properties><property name="cocotb" value="True" /><property name="random_seed" value="1789926781" /><property name="file" value="/home/user/coherent_noc/tb/tests/test_unit_fifo.py" /><property name="line" value="61" /><property name="sim_time_unit" value="ns" /><property name="sim_time_start" value="121.001" /><property name="sim_time_stop" value="262.001" /><property name="sim_time_duration" value="140.99999999999997" /><property name="sim_time_ratio" value="407902.3116122585" /></properties></testcase><testcase classname="test_unit_fifo" name="test_full_refuses_write_even_with_concurrent_read" time="0.000"><properties><property name="cocotb" value="True" /><property name="random_seed" value="1789926781" /><property name="file" value="/home/user/coherent_noc/tb/tests/test_unit_fifo.py" /><property name="line" value="74" /><property name="sim_time_unit" value="ns" /><property name="sim_time_start" value="262.002" /><property name="sim_time_stop" value="403.002" /><property name="sim_time_duration" value="141.0" /><property name="sim_time_ratio" value="290692.8798960052" /></properties></testcase><testcase classname="test_unit_fifo" name="test_random_backpressure_preserves_every_beat" time="0.211"><properties><property name="cocotb" value="True" /><property name="random_seed" value="1789926781" /><property name="file" value="/home/user/coherent_noc/tb/tests/test_unit_fifo.py" /><property name="line" value="129" /><property name="sim_time_unit" value="ns" /><property name="sim_time_start" value="403.003" /><property name="sim_time_stop" value="60444.003" /><property name="sim_time_duration" value="60041.0" /><property name="sim_time_ratio" value="284723.34196186217" /></properties></testcase></testsuite></testsuites>