<?xml version='1.0' encoding='utf-8'?>
<testsuites name="cocotb tests"><testsuite name="test_l1_single_core" errors="0" failures="0" skipped="0" tests="9" time="0.418" timestamp="2026-09-20T19:23:21.466335+00:00" hostname="vm"><testcase classname="test_l1_single_core" name="test_load_miss_then_hit" time="0.004"><properties><property name="cocotb" value="True" /><property name="random_seed" value="1789932201" /><property name="file" value="/home/user/coherent_noc/tb/tests/test_l1_single_core.py" /><property name="line" value="144" /><property name="sim_time_unit" value="ns" /><property name="sim_time_start" value="0.0" /><property name="sim_time_stop" value="301.0" /><property name="sim_time_duration" value="301.0" /><property name="sim_time_ratio" value="72476.43552725883" /></properties></testcase><testcase classname="test_l1_single_core" name="test_store_then_load_same_word" time="0.003"><properties><property name="cocotb" value="True" /><property name="random_seed" value="1789932201" /><property name="file" value="/home/user/coherent_noc/tb/tests/test_l1_single_core.py" /><property name="line" value="162" /><property name="sim_time_unit" value="ns" /><property name="sim_time_start" value="301.001" /><property name="sim_time_stop" value="612.001" /><property name="sim_time_duration" value="311.0" /><property name="sim_time_ratio" value="96765.2708364392" /></properties></testcase><testcase classname="test_l1_single_core" name="test_byte_enables" time="0.004"><properties><property name="cocotb" value="True" /><property name="random_seed" value="1789932201" /><property name="file" value="/home/user/coherent_noc/tb/tests/test_l1_single_core.py" /><property name="line" value="172" /><property name="sim_time_unit" value="ns" /><property name="sim_time_start" value="612.002" /><property name="sim_time_stop" value="953.002" /><property name="sim_time_duration" value="341.0" /><property name="sim_time_ratio" value="94819.67575320367" /></properties></testcase><testcase classname="test_l1_single_core" name="test_dirty_victim_survives_eviction" time="0.009"><properties><property name="cocotb" value="True" /><property name="random_seed" value="1789932201" /><property name="file" value="/home/user/coherent_noc/tb/tests/test_l1_single_core.py" /><property name="line" value="184" /><property name="sim_time_unit" value="ns" /><property name="sim_time_start" value="953.003" /><property name="sim_time_stop" value="1904.003" /><property name="sim_time_duration" value="950.9999999999999" /><property name="sim_time_ratio" value="110163.04477129757" /></properties></testcase><testcase classname="test_l1_single_core" name="test_four_misses_outstanding_together" time="0.008"><properties><property name="cocotb" value="True" /><property name="random_seed" value="1789932201" /><property name="file" value="/home/user/coherent_noc/tb/tests/test_l1_single_core.py" /><property name="line" value="207" /><property name="sim_time_unit" value="ns" /><property name="sim_time_start" value="1904.004" /><property name="sim_time_stop" value="2765.004" /><property name="sim_time_duration" value="861.0" /><property name="sim_time_ratio" value="109988.54383412909" /></properties></testcase><testcase classname="test_l1_single_core" name="test_backpressure_rather_than_loss" time="0.012"><properties><property name="cocotb" value="True" /><property name="random_seed" value="1789932201" /><property name="file" value="/home/user/coherent_noc/tb/tests/test_l1_single_core.py" /><property name="line" value="233" /><property name="sim_time_unit" value="ns" /><property name="sim_time_start" value="2765.005" /><property name="sim_time_stop" value="4006.005" /><property name="sim_time_duration" value="1241.0" /><property name="sim_time_ratio" value="104730.63466188947" /></properties></testcase><testcase classname="test_l1_single_core" name="test_secondary_miss_uses_one_mshr" time="0.003"><properties><property name="cocotb" value="True" /><property name="random_seed" value="1789932201" /><property name="file" value="/home/user/coherent_noc/tb/tests/test_l1_single_core.py" /><property name="line" value="262" /><property name="sim_time_unit" value="ns" /><property name="sim_time_start" value="4006.006" /><property name="sim_time_stop" value="4317.006" /><property name="sim_time_duration" value="311.00000000000045" /><property name="sim_time_ratio" value="97446.83037348348" /></properties></testcase><testcase classname="test_l1_single_core" name="test_conflicting_misses_do_not_double_book_a_way" time="0.009"><properties><property name="cocotb" value="True" /><property name="random_seed" value="1789932201" /><property name="file" value="/home/user/coherent_noc/tb/tests/test_l1_single_core.py" /><property name="line" value="280" /><property name="sim_time_unit" value="ns" /><property name="sim_time_start" value="4317.007" /><property name="sim_time_stop" value="5278.007" /><property name="sim_time_duration" value="961.0" /><property name="sim_time_ratio" value="104835.078927553" /></properties></testcase><testcase classname="test_l1_single_core" name="test_pipelined_random_against_golden" time="0.367"><properties><property name="cocotb" value="True" /><property name="random_seed" value="1789932201" /><property name="file" value="/home/user/coherent_noc/tb/tests/test_l1_single_core.py" /><property name="line" value="296" /><property name="sim_time_unit" value="ns" /><property name="sim_time_start" value="5278.008" /><property name="sim_time_stop" value="38239.008" /><property name="sim_time_duration" value="32961.0" /><property name="sim_time_ratio" value="89873.6122775528" /></properties></testcase></testsuite></testsuites>