<?xml version='1.0' encoding='utf-8'?>
<testsuites name="cocotb tests"><testsuite name="test_unit_credit_counter" errors="0" failures="0" skipped="0" tests="4" time="0.129" timestamp="2026-09-20T17:40:27.557299+00:00" hostname="vm"><testcase classname="test_unit_credit_counter" name="test_starts_full" time="0.001"><properties><property name="cocotb" value="True" /><property name="random_seed" value="1789926027" /><property name="file" value="/home/user/coherent_noc/tb/tests/test_unit_credit_counter.py" /><property name="line" value="22" /><property name="sim_time_unit" value="ns" /><property name="sim_time_start" value="0.0" /><property name="sim_time_stop" value="31.0" /><property name="sim_time_duration" value="31.0" /><property name="sim_time_ratio" value="50812.674969852014" /></properties></testcase><testcase classname="test_unit_credit_counter" name="test_drain_and_refill" time="0.001"><properties><property name="cocotb" value="True" /><property name="random_seed" value="1789926027" /><property name="file" value="/home/user/coherent_noc/tb/tests/test_unit_credit_counter.py" /><property name="line" value="31" /><property name="sim_time_unit" value="ns" /><property name="sim_time_start" value="31.001" /><property name="sim_time_stop" value="152.001" /><property name="sim_time_duration" value="121.0" /><property name="sim_time_ratio" value="240651.86843326085" /></properties></testcase><testcase classname="test_unit_credit_counter" name="test_simultaneous_send_and_return_holds" time="0.001"><properties><property name="cocotb" value="True" /><property name="random_seed" value="1789926027" /><property name="file" value="/home/user/coherent_noc/tb/tests/test_unit_credit_counter.py" /><property name="line" value="52" /><property name="sim_time_unit" value="ns" /><property name="sim_time_start" value="152.002" /><property name="sim_time_stop" value="403.002" /><property name="sim_time_duration" value="251.0" /><property name="sim_time_ratio" value="340384.213701755" /></properties></testcase><testcase classname="test_unit_credit_counter" name="test_random_traffic_matches_model" time="0.128"><properties><property name="cocotb" value="True" /><property name="random_seed" value="1789926027" /><property name="file" value="/home/user/coherent_noc/tb/tests/test_unit_credit_counter.py" /><property name="line" value="79" /><property name="sim_time_unit" value="ns" /><property name="sim_time_start" value="403.003" /><property name="sim_time_stop" value="50444.003" /><property name="sim_time_duration" value="50041.0" /><property name="sim_time_ratio" value="392303.55321712786" /></properties></testcase></testsuite></testsuites>