<?xml version='1.0' encoding='utf-8'?>
<testsuites name="cocotb tests"><testsuite name="test_protocol_msi" errors="0" failures="0" skipped="0" tests="5" time="7.643" timestamp="2026-09-20T18:33:31.193983+00:00" hostname="vm"><testcase classname="test_protocol_msi" name="test_two_cores_share_a_line" time="0.005"><properties><property name="cocotb" value="True" /><property name="random_seed" value="1789929211" /><property name="file" value="/home/user/coherent_noc/tb/tests/test_protocol_msi.py" /><property name="line" value="121" /><property name="sim_time_unit" value="ns" /><property name="sim_time_start" value="0.0" /><property name="sim_time_stop" value="371.0" /><property name="sim_time_duration" value="371.0" /><property name="sim_time_ratio" value="77912.74487956165" /></properties></testcase><testcase classname="test_protocol_msi" name="test_store_invalidates_sharers" time="0.006"><properties><property name="cocotb" value="True" /><property name="random_seed" value="1789929211" /><property name="file" value="/home/user/coherent_noc/tb/tests/test_protocol_msi.py" /><property name="line" value="141" /><property name="sim_time_unit" value="ns" /><property name="sim_time_start" value="371.001" /><property name="sim_time_stop" value="972.001" /><property name="sim_time_duration" value="601.0" /><property name="sim_time_ratio" value="102813.53251197442" /></properties></testcase><testcase classname="test_protocol_msi" name="test_ownership_migrates" time="0.006"><properties><property name="cocotb" value="True" /><property name="random_seed" value="1789929211" /><property name="file" value="/home/user/coherent_noc/tb/tests/test_protocol_msi.py" /><property name="line" value="171" /><property name="sim_time_unit" value="ns" /><property name="sim_time_start" value="972.002" /><property name="sim_time_stop" value="1583.002" /><property name="sim_time_duration" value="611.0" /><property name="sim_time_ratio" value="103549.3707634032" /></properties></testcase><testcase classname="test_protocol_msi" name="test_read_of_a_dirty_line_downgrades_the_owner" time="0.005"><properties><property name="cocotb" value="True" /><property name="random_seed" value="1789929211" /><property name="file" value="/home/user/coherent_noc/tb/tests/test_protocol_msi.py" /><property name="line" value="193" /><property name="sim_time_unit" value="ns" /><property name="sim_time_start" value="1583.003" /><property name="sim_time_stop" value="2054.003" /><property name="sim_time_duration" value="471.0000000000002" /><property name="sim_time_ratio" value="100039.65477718087" /></properties></testcase><testcase classname="test_protocol_msi" name="test_random_with_swmr_checker" time="7.621"><properties><property name="cocotb" value="True" /><property name="random_seed" value="1789929211" /><property name="file" value="/home/user/coherent_noc/tb/tests/test_protocol_msi.py" /><property name="line" value="216" /><property name="sim_time_unit" value="ns" /><property name="sim_time_start" value="2054.004" /><property name="sim_time_stop" value="581685.004" /><property name="sim_time_duration" value="579631.0" /><property name="sim_time_ratio" value="76053.66793533551" /></properties></testcase></testsuite></testsuites>