<?xml version='1.0' encoding='utf-8'?>
<testsuites name="cocotb tests"><testsuite name="test_probe_timing" errors="0" failures="0" skipped="0" tests="1" time="0.001" timestamp="2026-09-20T17:12:36.620428+00:00" hostname="vm"><testcase classname="test_probe_timing" name="probe" time="0.001"><properties><property name="cocotb" value="True" /><property name="random_seed" value="1789924356" /><property name="file" value="/home/user/coherent_noc/tb/tests/test_probe_timing.py" /><property name="line" value="7" /><property name="sim_time_unit" value="ns" /><property name="sim_time_start" value="0.0" /><property name="sim_time_stop" value="61.0" /><property name="sim_time_duration" value="61.0" /><property name="sim_time_ratio" value="62210.49174975302" /></properties></testcase></testsuite></testsuites>