<?xml version='1.0' encoding='utf-8'?>
<testsuites name="cocotb tests"><testsuite name="test_unit_skid_buffer" errors="0" failures="0" skipped="0" tests="3" time="0.181" timestamp="2026-09-20T18:33:41.216675+00:00" hostname="vm"><testcase classname="test_unit_skid_buffer" name="test_full_throughput_when_never_stalled" time="0.003"><properties><property name="cocotb" value="True" /><property name="random_seed" value="1789929221" /><property name="file" value="/home/user/coherent_noc/tb/tests/test_unit_skid_buffer.py" /><property name="line" value="25" /><property name="sim_time_unit" value="ns" /><property name="sim_time_start" value="0.0" /><property name="sim_time_stop" value="711.0" /><property name="sim_time_duration" value="711.0" /><property name="sim_time_ratio" value="256092.0000378088" /></properties></testcase><testcase classname="test_unit_skid_buffer" name="test_no_loss_when_ready_drops" time="0.000"><properties><property name="cocotb" value="True" /><property name="random_seed" value="1789929221" /><property name="file" value="/home/user/coherent_noc/tb/tests/test_unit_skid_buffer.py" /><property name="line" value="59" /><property name="sim_time_unit" value="ns" /><property name="sim_time_start" value="711.001" /><property name="sim_time_stop" value="852.001" /><property name="sim_time_duration" value="141.0" /><property name="sim_time_ratio" value="334624.36604099325" /></properties></testcase><testcase classname="test_unit_skid_buffer" name="test_random_backpressure_preserves_order" time="0.178"><properties><property name="cocotb" value="True" /><property name="random_seed" value="1789929221" /><property name="file" value="/home/user/coherent_noc/tb/tests/test_unit_skid_buffer.py" /><property name="line" value="94" /><property name="sim_time_unit" value="ns" /><property name="sim_time_start" value="852.002" /><property name="sim_time_stop" value="60933.002" /><property name="sim_time_duration" value="60081.0" /><property name="sim_time_ratio" value="338173.1514970999" /></properties></testcase></testsuite></testsuites>