<?xml version='1.0' encoding='utf-8'?>
<testsuites name="cocotb tests"><testsuite name="test_unit_sram_1rw" errors="0" failures="0" skipped="0" tests="5" time="0.051" timestamp="2026-09-20T17:53:03.668421+00:00" hostname="vm"><testcase classname="test_unit_sram_1rw" name="test_write_then_read" time="0.001"><properties><property name="cocotb" value="True" /><property name="random_seed" value="1789926783" /><property name="file" value="/home/user/coherent_noc/tb/tests/test_unit_sram_1rw.py" /><property name="line" value="46" /><property name="sim_time_unit" value="ns" /><property name="sim_time_start" value="0.0" /><property name="sim_time_stop" value="61.0" /><property name="sim_time_duration" value="61.0" /><property name="sim_time_ratio" value="82113.74233543208" /></properties></testcase><testcase classname="test_unit_sram_1rw" name="test_read_latency_is_exactly_one_cycle" time="0.000"><properties><property name="cocotb" value="True" /><property name="random_seed" value="1789926783" /><property name="file" value="/home/user/coherent_noc/tb/tests/test_unit_sram_1rw.py" /><property name="line" value="63" /><property name="sim_time_unit" value="ns" /><property name="sim_time_start" value="61.001" /><property name="sim_time_stop" value="112.001" /><property name="sim_time_duration" value="51.00000000000001" /><property name="sim_time_ratio" value="136772.49095873383" /></properties></testcase><testcase classname="test_unit_sram_1rw" name="test_rdata_holds_across_a_write" time="0.000"><properties><property name="cocotb" value="True" /><property name="random_seed" value="1789926783" /><property name="file" value="/home/user/coherent_noc/tb/tests/test_unit_sram_1rw.py" /><property name="line" value="94" /><property name="sim_time_unit" value="ns" /><property name="sim_time_start" value="112.002" /><property name="sim_time_stop" value="153.002" /><property name="sim_time_duration" value="41.000000000000014" /><property name="sim_time_ratio" value="184228.26350853167" /></properties></testcase><testcase classname="test_unit_sram_1rw" name="test_disabled_is_a_noop" time="0.000"><properties><property name="cocotb" value="True" /><property name="random_seed" value="1789926783" /><property name="file" value="/home/user/coherent_noc/tb/tests/test_unit_sram_1rw.py" /><property name="line" value="113" /><property name="sim_time_unit" value="ns" /><property name="sim_time_start" value="153.003" /><property name="sim_time_stop" value="234.003" /><property name="sim_time_duration" value="81.0" /><property name="sim_time_ratio" value="224612.54348744286" /></properties></testcase><testcase classname="test_unit_sram_1rw" name="test_random_write_read_matches_model" time="0.050"><properties><property name="cocotb" value="True" /><property name="random_seed" value="1789926783" /><property name="file" value="/home/user/coherent_noc/tb/tests/test_unit_sram_1rw.py" /><property name="line" value="139" /><property name="sim_time_unit" value="ns" /><property name="sim_time_start" value="234.004" /><property name="sim_time_stop" value="14575.004" /><property name="sim_time_duration" value="14341.0" /><property name="sim_time_ratio" value="288698.28838745673" /></properties></testcase></testsuite></testsuites>