<?xml version='1.0' encoding='utf-8'?>
<testsuites name="cocotb tests"><testsuite name="test_noc_mesh" errors="0" failures="0" skipped="0" tests="6" time="10.173" timestamp="2026-09-20T18:32:59.601351+00:00" hostname="vm"><testcase classname="test_noc_mesh" name="test_uniform_traffic" time="0.021"><properties><property name="cocotb" value="True" /><property name="random_seed" value="1789929179" /><property name="file" value="/home/user/coherent_noc/tb/tests/test_noc_mesh.py" /><property name="line" value="118" /><property name="sim_time_unit" value="ns" /><property name="sim_time_start" value="0.0" /><property name="sim_time_stop" value="661.0" /><property name="sim_time_duration" value="661.0" /><property name="sim_time_ratio" value="31453.594812401872" /></properties></testcase><testcase classname="test_noc_mesh" name="test_tornado_traffic" time="0.018"><properties><property name="cocotb" value="True" /><property name="random_seed" value="1789929179" /><property name="file" value="/home/user/coherent_noc/tb/tests/test_noc_mesh.py" /><property name="line" value="124" /><property name="sim_time_unit" value="ns" /><property name="sim_time_start" value="661.001" /><property name="sim_time_stop" value="1272.001" /><property name="sim_time_duration" value="611.0" /><property name="sim_time_ratio" value="33448.85872056562" /></properties></testcase><testcase classname="test_noc_mesh" name="test_hotspot_traffic" time="0.038"><properties><property name="cocotb" value="True" /><property name="random_seed" value="1789929179" /><property name="file" value="/home/user/coherent_noc/tb/tests/test_noc_mesh.py" /><property name="line" value="130" /><property name="sim_time_unit" value="ns" /><property name="sim_time_start" value="1272.002" /><property name="sim_time_stop" value="2623.002" /><property name="sim_time_duration" value="1351.0" /><property name="sim_time_ratio" value="35947.26921437645" /></properties></testcase><testcase classname="test_noc_mesh" name="test_no_packet_leaves_the_mesh" time="0.046"><properties><property name="cocotb" value="True" /><property name="random_seed" value="1789929179" /><property name="file" value="/home/user/coherent_noc/tb/tests/test_noc_mesh.py" /><property name="line" value="141" /><property name="sim_time_unit" value="ns" /><property name="sim_time_start" value="2623.003" /><property name="sim_time_stop" value="4084.003" /><property name="sim_time_duration" value="1461.0" /><property name="sim_time_ratio" value="31678.22246023828" /></properties></testcase><testcase classname="test_noc_mesh" name="test_load_latency_curve" time="7.799"><properties><property name="cocotb" value="True" /><property name="random_seed" value="1789929179" /><property name="file" value="/home/user/coherent_noc/tb/tests/test_noc_mesh.py" /><property name="line" value="173" /><property name="sim_time_unit" value="ns" /><property name="sim_time_start" value="4084.004" /><property name="sim_time_stop" value="228385.004" /><property name="sim_time_duration" value="224301.0" /><property name="sim_time_ratio" value="28759.645565154817" /></properties></testcase><testcase classname="test_noc_mesh" name="test_credit_round_trip_limits_throughput_not_correctness" time="2.250"><properties><property name="cocotb" value="True" /><property name="random_seed" value="1789929179" /><property name="file" value="/home/user/coherent_noc/tb/tests/test_noc_mesh.py" /><property name="line" value="235" /><property name="sim_time_unit" value="ns" /><property name="sim_time_start" value="228385.005" /><property name="sim_time_stop" value="294556.005" /><property name="sim_time_duration" value="66171.0" /><property name="sim_time_ratio" value="29403.483817339904" /></properties></testcase></testsuite></testsuites>