<?xml version='1.0' encoding='utf-8'?>
<testsuites name="cocotb tests"><testsuite name="test_protocol_dir_table" errors="0" failures="0" skipped="0" tests="4" time="0.006" timestamp="2026-09-20T17:58:45.195671+00:00" hostname="vm"><testcase classname="test_protocol_dir_table" name="test_every_cell_matches_the_specification" time="0.003"><properties><property name="cocotb" value="True" /><property name="random_seed" value="1789927125" /><property name="file" value="/home/user/coherent_noc/tb/tests/test_protocol_dir_table.py" /><property name="line" value="110" /><property name="sim_time_unit" value="ns" /><property name="sim_time_start" value="0.0" /><property name="sim_time_stop" value="90.0" /><property name="sim_time_duration" value="90.0" /><property name="sim_time_ratio" value="29502.799161826573" /></properties></testcase><testcase classname="test_protocol_dir_table" name="test_enabling_e_changes_exactly_one_arc" time="0.002"><properties><property name="cocotb" value="True" /><property name="random_seed" value="1789927125" /><property name="file" value="/home/user/coherent_noc/tb/tests/test_protocol_dir_table.py" /><property name="line" value="146" /><property name="sim_time_unit" value="ns" /><property name="sim_time_start" value="90.001" /><property name="sim_time_stop" value="180.001" /><property name="sim_time_duration" value="90.0" /><property name="sim_time_ratio" value="39502.13267998081" /></properties></testcase><testcase classname="test_protocol_dir_table" name="test_s_d_stalls_requests_but_accepts_every_put" time="0.000"><properties><property name="cocotb" value="True" /><property name="random_seed" value="1789927125" /><property name="file" value="/home/user/coherent_noc/tb/tests/test_protocol_dir_table.py" /><property name="line" value="168" /><property name="sim_time_unit" value="ns" /><property name="sim_time_start" value="180.002" /><property name="sim_time_stop" value="188.002" /><property name="sim_time_duration" value="8.0" /><property name="sim_time_ratio" value="27932.57079557776" /></properties></testcase><testcase classname="test_protocol_dir_table" name="test_put_from_non_owner_never_clears_the_owner" time="0.000"><properties><property name="cocotb" value="True" /><property name="random_seed" value="1789927125" /><property name="file" value="/home/user/coherent_noc/tb/tests/test_protocol_dir_table.py" /><property name="line" value="188" /><property name="sim_time_unit" value="ns" /><property name="sim_time_start" value="188.003" /><property name="sim_time_stop" value="192.003" /><property name="sim_time_duration" value="4.0" /><property name="sim_time_ratio" value="21448.641227239452" /></properties></testcase></testsuite></testsuites>