<?xml version='1.0' encoding='utf-8'?>
<testsuites name="cocotb tests"><testsuite name="test_protocol_l1_table" errors="0" failures="0" skipped="0" tests="3" time="0.004" timestamp="2026-09-20T17:58:44.786565+00:00" hostname="vm"><testcase classname="test_protocol_l1_table" name="test_every_cell_matches_the_specification" time="0.004"><properties><property name="cocotb" value="True" /><property name="random_seed" value="1789927124" /><property name="file" value="/home/user/coherent_noc/tb/tests/test_protocol_l1_table.py" /><property name="line" value="159" /><property name="sim_time_unit" value="ns" /><property name="sim_time_start" value="0.0" /><property name="sim_time_stop" value="156.0" /><property name="sim_time_duration" value="156.0" /><property name="sim_time_ratio" value="38261.767884992536" /></properties></testcase><testcase classname="test_protocol_l1_table" name="test_the_four_load_bearing_arcs" time="0.000"><properties><property name="cocotb" value="True" /><property name="random_seed" value="1789927124" /><property name="file" value="/home/user/coherent_noc/tb/tests/test_protocol_l1_table.py" /><property name="line" value="209" /><property name="sim_time_unit" value="ns" /><property name="sim_time_start" value="156.001" /><property name="sim_time_stop" value="160.001" /><property name="sim_time_duration" value="4.0" /><property name="sim_time_ratio" value="20924.98912067415" /></properties></testcase><testcase classname="test_protocol_l1_table" name="test_r8_forward_into_a_dead_mshr_is_impossible" time="0.000"><properties><property name="cocotb" value="True" /><property name="random_seed" value="1789927124" /><property name="file" value="/home/user/coherent_noc/tb/tests/test_protocol_l1_table.py" /><property name="line" value="251" /><property name="sim_time_unit" value="ns" /><property name="sim_time_start" value="160.002" /><property name="sim_time_stop" value="162.002" /><property name="sim_time_duration" value="2.0" /><property name="sim_time_ratio" value="16112.529887745433" /></properties></testcase></testsuite></testsuites>