<?xml version='1.0' encoding='utf-8'?>
<testsuites name="cocotb tests"><testsuite name="test_protocol_mesi" errors="0" failures="0" skipped="0" tests="6" time="7.970" timestamp="2026-09-20T18:33:11.882886+00:00" hostname="vm"><testcase classname="test_protocol_mesi" name="test_lone_reader_gets_exclusive" time="0.004"><properties><property name="cocotb" value="True" /><property name="random_seed" value="1789929191" /><property name="file" value="/home/user/coherent_noc/tb/tests/test_protocol_mesi.py" /><property name="line" value="110" /><property name="sim_time_unit" value="ns" /><property name="sim_time_start" value="0.0" /><property name="sim_time_stop" value="281.0" /><property name="sim_time_duration" value="281.0" /><property name="sim_time_ratio" value="63657.155687668535" /></properties></testcase><testcase classname="test_protocol_mesi" name="test_e_to_m_upgrade_is_silent" time="0.004"><properties><property name="cocotb" value="True" /><property name="random_seed" value="1789929191" /><property name="file" value="/home/user/coherent_noc/tb/tests/test_protocol_mesi.py" /><property name="line" value="130" /><property name="sim_time_unit" value="ns" /><property name="sim_time_start" value="281.001" /><property name="sim_time_stop" value="552.001" /><property name="sim_time_duration" value="271.0" /><property name="sim_time_ratio" value="76905.56960879861" /></properties></testcase><testcase classname="test_protocol_mesi" name="test_clean_exclusive_eviction_sends_pute" time="0.010"><properties><property name="cocotb" value="True" /><property name="random_seed" value="1789929191" /><property name="file" value="/home/user/coherent_noc/tb/tests/test_protocol_mesi.py" /><property name="line" value="164" /><property name="sim_time_unit" value="ns" /><property name="sim_time_start" value="552.002" /><property name="sim_time_stop" value="1613.002" /><property name="sim_time_duration" value="1061.0" /><property name="sim_time_ratio" value="101567.48010525116" /></properties></testcase><testcase classname="test_protocol_mesi" name="test_r11_silent_upgrade_then_eviction" time="0.011"><properties><property name="cocotb" value="True" /><property name="random_seed" value="1789929191" /><property name="file" value="/home/user/coherent_noc/tb/tests/test_protocol_mesi.py" /><property name="line" value="188" /><property name="sim_time_unit" value="ns" /><property name="sim_time_start" value="1613.003" /><property name="sim_time_stop" value="2814.003" /><property name="sim_time_duration" value="1201.0000000000002" /><property name="sim_time_ratio" value="110973.72094457448" /></properties></testcase><testcase classname="test_protocol_mesi" name="test_r5_put_from_non_owner" time="0.045"><properties><property name="cocotb" value="True" /><property name="random_seed" value="1789929191" /><property name="file" value="/home/user/coherent_noc/tb/tests/test_protocol_mesi.py" /><property name="line" value="221" /><property name="sim_time_unit" value="ns" /><property name="sim_time_start" value="2814.004" /><property name="sim_time_stop" value="7485.004" /><property name="sim_time_duration" value="4671.0" /><property name="sim_time_ratio" value="103839.5628735845" /></properties></testcase><testcase classname="test_protocol_mesi" name="test_random_mesi_with_swmr" time="7.895"><properties><property name="cocotb" value="True" /><property name="random_seed" value="1789929191" /><property name="file" value="/home/user/coherent_noc/tb/tests/test_protocol_mesi.py" /><property name="line" value="286" /><property name="sim_time_unit" value="ns" /><property name="sim_time_start" value="7485.005" /><property name="sim_time_stop" value="582986.005" /><property name="sim_time_duration" value="575501.0" /><property name="sim_time_ratio" value="72890.14878108549" /></properties></testcase></testsuite></testsuites>