<?xml version='1.0' encoding='utf-8'?>
<testsuites name="cocotb tests"><testsuite name="test_noc_router" errors="0" failures="0" skipped="0" tests="5" time="0.029" timestamp="2026-09-20T19:24:02.627640+00:00" hostname="vm"><testcase classname="test_noc_router" name="test_flit_codec_matches_rtl" time="0.002"><properties><property name="cocotb" value="True" /><property name="random_seed" value="1789932242" /><property name="file" value="/home/user/coherent_noc/tb/tests/test_noc_router.py" /><property name="line" value="84" /><property name="sim_time_unit" value="ns" /><property name="sim_time_start" value="0.0" /><property name="sim_time_stop" value="131.0" /><property name="sim_time_duration" value="131.0" /><property name="sim_time_ratio" value="67540.70872526274" /></properties></testcase><testcase classname="test_noc_router" name="test_every_input_reaches_every_legal_output" time="0.003"><properties><property name="cocotb" value="True" /><property name="random_seed" value="1789932242" /><property name="file" value="/home/user/coherent_noc/tb/tests/test_noc_router.py" /><property name="line" value="114" /><property name="sim_time_unit" value="ns" /><property name="sim_time_start" value="131.001" /><property name="sim_time_stop" value="382.001" /><property name="sim_time_duration" value="250.99999999999997" /><property name="sim_time_ratio" value="85626.71937916095" /></properties></testcase><testcase classname="test_noc_router" name="test_multiflit_packet_stays_contiguous" time="0.002"><properties><property name="cocotb" value="True" /><property name="random_seed" value="1789932242" /><property name="file" value="/home/user/coherent_noc/tb/tests/test_noc_router.py" /><property name="line" value="160" /><property name="sim_time_unit" value="ns" /><property name="sim_time_start" value="382.002" /><property name="sim_time_stop" value="573.002" /><property name="sim_time_duration" value="190.99999999999994" /><property name="sim_time_ratio" value="101466.05166956592" /></properties></testcase><testcase classname="test_noc_router" name="test_random_traffic_no_loss_or_duplication" time="0.015"><properties><property name="cocotb" value="True" /><property name="random_seed" value="1789932242" /><property name="file" value="/home/user/coherent_noc/tb/tests/test_noc_router.py" /><property name="line" value="196" /><property name="sim_time_unit" value="ns" /><property name="sim_time_start" value="573.003" /><property name="sim_time_stop" value="1824.003" /><property name="sim_time_duration" value="1251.0" /><property name="sim_time_ratio" value="81815.9130166771" /></properties></testcase><testcase classname="test_noc_router" name="test_slow_credit_return_throttles_but_never_drops" time="0.007"><properties><property name="cocotb" value="True" /><property name="random_seed" value="1789932242" /><property name="file" value="/home/user/coherent_noc/tb/tests/test_noc_router.py" /><property name="line" value="237" /><property name="sim_time_unit" value="ns" /><property name="sim_time_start" value="1824.004" /><property name="sim_time_stop" value="2505.004" /><property name="sim_time_duration" value="681.0" /><property name="sim_time_ratio" value="98859.52974932374" /></properties></testcase></testsuite></testsuites>