<?xml version='1.0' encoding='utf-8'?>
<testsuites name="cocotb tests"><testsuite name="test_unit_credit_counter" errors="0" failures="0" skipped="0" tests="4" time="0.137" timestamp="2026-09-20T19:25:45.122784+00:00" hostname="vm"><testcase classname="test_unit_credit_counter" name="test_starts_full" time="0.001"><properties><property name="cocotb" value="True" /><property name="random_seed" value="1789932345" /><property name="file" value="/home/user/coherent_noc/tb/tests/test_unit_credit_counter.py" /><property name="line" value="22" /><property name="sim_time_unit" value="ns" /><property name="sim_time_start" value="0.0" /><property name="sim_time_stop" value="51.0" /><property name="sim_time_duration" value="51.0" /><property name="sim_time_ratio" value="88799.43170576177" /></properties></testcase><testcase classname="test_unit_credit_counter" name="test_drain_and_refill" time="0.001"><properties><property name="cocotb" value="True" /><property name="random_seed" value="1789932345" /><property name="file" value="/home/user/coherent_noc/tb/tests/test_unit_credit_counter.py" /><property name="line" value="31" /><property name="sim_time_unit" value="ns" /><property name="sim_time_start" value="51.001" /><property name="sim_time_stop" value="192.001" /><property name="sim_time_duration" value="141.0" /><property name="sim_time_ratio" value="276145.1704251797" /></properties></testcase><testcase classname="test_unit_credit_counter" name="test_simultaneous_send_and_return_holds" time="0.001"><properties><property name="cocotb" value="True" /><property name="random_seed" value="1789932345" /><property name="file" value="/home/user/coherent_noc/tb/tests/test_unit_credit_counter.py" /><property name="line" value="52" /><property name="sim_time_unit" value="ns" /><property name="sim_time_start" value="192.002" /><property name="sim_time_stop" value="463.002" /><property name="sim_time_duration" value="271.0" /><property name="sim_time_ratio" value="399885.49354609894" /></properties></testcase><testcase classname="test_unit_credit_counter" name="test_random_traffic_matches_model" time="0.136"><properties><property name="cocotb" value="True" /><property name="random_seed" value="1789932345" /><property name="file" value="/home/user/coherent_noc/tb/tests/test_unit_credit_counter.py" /><property name="line" value="79" /><property name="sim_time_unit" value="ns" /><property name="sim_time_start" value="463.003" /><property name="sim_time_stop" value="50524.003" /><property name="sim_time_duration" value="50061.0" /><property name="sim_time_ratio" value="368850.3156500052" /></properties></testcase></testsuite></testsuites>