<?xml version='1.0' encoding='utf-8'?>
<testsuites name="cocotb tests"><testsuite name="test_l1_single_core" errors="0" failures="0" skipped="0" tests="9" time="0.399" timestamp="2026-09-20T18:32:58.734035+00:00" hostname="vm"><testcase classname="test_l1_single_core" name="test_load_miss_then_hit" time="0.004"><properties><property name="cocotb" value="True" /><property name="random_seed" value="1789929178" /><property name="file" value="/home/user/coherent_noc/tb/tests/test_l1_single_core.py" /><property name="line" value="144" /><property name="sim_time_unit" value="ns" /><property name="sim_time_start" value="0.0" /><property name="sim_time_stop" value="281.0" /><property name="sim_time_duration" value="281.0" /><property name="sim_time_ratio" value="70624.68158961006" /></properties></testcase><testcase classname="test_l1_single_core" name="test_store_then_load_same_word" time="0.003"><properties><property name="cocotb" value="True" /><property name="random_seed" value="1789929178" /><property name="file" value="/home/user/coherent_noc/tb/tests/test_l1_single_core.py" /><property name="line" value="162" /><property name="sim_time_unit" value="ns" /><property name="sim_time_start" value="281.001" /><property name="sim_time_stop" value="572.001" /><property name="sim_time_duration" value="291.0" /><property name="sim_time_ratio" value="98005.074727151" /></properties></testcase><testcase classname="test_l1_single_core" name="test_byte_enables" time="0.003"><properties><property name="cocotb" value="True" /><property name="random_seed" value="1789929178" /><property name="file" value="/home/user/coherent_noc/tb/tests/test_l1_single_core.py" /><property name="line" value="172" /><property name="sim_time_unit" value="ns" /><property name="sim_time_start" value="572.002" /><property name="sim_time_stop" value="893.002" /><property name="sim_time_duration" value="321.0" /><property name="sim_time_ratio" value="100498.35915496227" /></properties></testcase><testcase classname="test_l1_single_core" name="test_dirty_victim_survives_eviction" time="0.009"><properties><property name="cocotb" value="True" /><property name="random_seed" value="1789929178" /><property name="file" value="/home/user/coherent_noc/tb/tests/test_l1_single_core.py" /><property name="line" value="184" /><property name="sim_time_unit" value="ns" /><property name="sim_time_start" value="893.003" /><property name="sim_time_stop" value="1824.003" /><property name="sim_time_duration" value="930.9999999999999" /><property name="sim_time_ratio" value="106911.15751813896" /></properties></testcase><testcase classname="test_l1_single_core" name="test_four_misses_outstanding_together" time="0.008"><properties><property name="cocotb" value="True" /><property name="random_seed" value="1789929178" /><property name="file" value="/home/user/coherent_noc/tb/tests/test_l1_single_core.py" /><property name="line" value="207" /><property name="sim_time_unit" value="ns" /><property name="sim_time_start" value="1824.004" /><property name="sim_time_stop" value="2665.004" /><property name="sim_time_duration" value="841.0" /><property name="sim_time_ratio" value="111625.08200853677" /></properties></testcase><testcase classname="test_l1_single_core" name="test_backpressure_rather_than_loss" time="0.011"><properties><property name="cocotb" value="True" /><property name="random_seed" value="1789929178" /><property name="file" value="/home/user/coherent_noc/tb/tests/test_l1_single_core.py" /><property name="line" value="233" /><property name="sim_time_unit" value="ns" /><property name="sim_time_start" value="2665.005" /><property name="sim_time_stop" value="3886.005" /><property name="sim_time_duration" value="1221.0" /><property name="sim_time_ratio" value="111048.94229898945" /></properties></testcase><testcase classname="test_l1_single_core" name="test_secondary_miss_uses_one_mshr" time="0.003"><properties><property name="cocotb" value="True" /><property name="random_seed" value="1789929178" /><property name="file" value="/home/user/coherent_noc/tb/tests/test_l1_single_core.py" /><property name="line" value="262" /><property name="sim_time_unit" value="ns" /><property name="sim_time_start" value="3886.006" /><property name="sim_time_stop" value="4177.006" /><property name="sim_time_duration" value="291.00000000000045" /><property name="sim_time_ratio" value="100753.40002008792" /></properties></testcase><testcase classname="test_l1_single_core" name="test_conflicting_misses_do_not_double_book_a_way" time="0.009"><properties><property name="cocotb" value="True" /><property name="random_seed" value="1789929178" /><property name="file" value="/home/user/coherent_noc/tb/tests/test_l1_single_core.py" /><property name="line" value="280" /><property name="sim_time_unit" value="ns" /><property name="sim_time_start" value="4177.007" /><property name="sim_time_stop" value="5118.007" /><property name="sim_time_duration" value="941.0" /><property name="sim_time_ratio" value="106818.82086514246" /></properties></testcase><testcase classname="test_l1_single_core" name="test_pipelined_random_against_golden" time="0.350"><properties><property name="cocotb" value="True" /><property name="random_seed" value="1789929178" /><property name="file" value="/home/user/coherent_noc/tb/tests/test_l1_single_core.py" /><property name="line" value="296" /><property name="sim_time_unit" value="ns" /><property name="sim_time_start" value="5118.008" /><property name="sim_time_stop" value="38059.008" /><property name="sim_time_duration" value="32941.0" /><property name="sim_time_ratio" value="94098.50920137514" /></properties></testcase></testsuite></testsuites>