<?xml version='1.0' encoding='utf-8'?>
<testsuites name="cocotb tests"><testsuite name="test_l1_blocking" errors="0" failures="0" skipped="0" tests="6" time="0.144" timestamp="2026-09-20T17:53:20.166260+00:00" hostname="vm"><testcase classname="test_l1_blocking" name="test_load_miss_then_hit" time="0.001"><properties><property name="cocotb" value="True" /><property name="random_seed" value="1789926800" /><property name="file" value="/home/user/coherent_noc/tb/tests/test_l1_blocking.py" /><property name="line" value="106" /><property name="sim_time_unit" value="ns" /><property name="sim_time_start" value="0.0" /><property name="sim_time_stop" value="161.0" /><property name="sim_time_duration" value="161.0" /><property name="sim_time_ratio" value="124400.88612290389" /></properties></testcase><testcase classname="test_l1_blocking" name="test_store_then_load_same_word" time="0.001"><properties><property name="cocotb" value="True" /><property name="random_seed" value="1789926800" /><property name="file" value="/home/user/coherent_noc/tb/tests/test_l1_blocking.py" /><property name="line" value="126" /><property name="sim_time_unit" value="ns" /><property name="sim_time_start" value="161.001" /><property name="sim_time_stop" value="332.001" /><property name="sim_time_duration" value="170.99999999999997" /><property name="sim_time_ratio" value="256850.8581887624" /></properties></testcase><testcase classname="test_l1_blocking" name="test_byte_enables" time="0.001"><properties><property name="cocotb" value="True" /><property name="random_seed" value="1789926800" /><property name="file" value="/home/user/coherent_noc/tb/tests/test_l1_blocking.py" /><property name="line" value="142" /><property name="sim_time_unit" value="ns" /><property name="sim_time_start" value="332.002" /><property name="sim_time_stop" value="533.002" /><property name="sim_time_duration" value="200.99999999999994" /><property name="sim_time_ratio" value="268582.286372505" /></properties></testcase><testcase classname="test_l1_blocking" name="test_dirty_victim_is_written_back" time="0.002"><properties><property name="cocotb" value="True" /><property name="random_seed" value="1789926800" /><property name="file" value="/home/user/coherent_noc/tb/tests/test_l1_blocking.py" /><property name="line" value="159" /><property name="sim_time_unit" value="ns" /><property name="sim_time_start" value="533.003" /><property name="sim_time_stop" value="1094.003" /><property name="sim_time_duration" value="560.9999999999999" /><property name="sim_time_ratio" value="355374.13110853545" /></properties></testcase><testcase classname="test_l1_blocking" name="test_clean_victim_is_not_written_back" time="0.002"><properties><property name="cocotb" value="True" /><property name="random_seed" value="1789926800" /><property name="file" value="/home/user/coherent_noc/tb/tests/test_l1_blocking.py" /><property name="line" value="190" /><property name="sim_time_unit" value="ns" /><property name="sim_time_start" value="1094.004" /><property name="sim_time_stop" value="1875.004" /><property name="sim_time_duration" value="781.0" /><property name="sim_time_ratio" value="397456.6843479631" /></properties></testcase><testcase classname="test_l1_blocking" name="test_random_against_golden" time="0.137"><properties><property name="cocotb" value="True" /><property name="random_seed" value="1789926800" /><property name="file" value="/home/user/coherent_noc/tb/tests/test_l1_blocking.py" /><property name="line" value="224" /><property name="sim_time_unit" value="ns" /><property name="sim_time_start" value="1875.005" /><property name="sim_time_stop" value="57576.005" /><property name="sim_time_duration" value="55701.0" /><property name="sim_time_ratio" value="405599.0834126096" /></properties></testcase></testsuite></testsuites>