<?xml version='1.0' encoding='utf-8'?>
<testsuites name="cocotb tests"><testsuite name="test_l1_blocking" errors="0" failures="0" skipped="0" tests="6" time="0.146" timestamp="2026-09-20T17:40:07.568808+00:00" hostname="vm"><testcase classname="test_l1_blocking" name="test_load_miss_then_hit" time="0.001"><properties><property name="cocotb" value="True" /><property name="random_seed" value="1789926007" /><property name="file" value="/home/user/coherent_noc/tb/tests/test_l1_blocking.py" /><property name="line" value="105" /><property name="sim_time_unit" value="ns" /><property name="sim_time_start" value="0.0" /><property name="sim_time_stop" value="161.0" /><property name="sim_time_duration" value="161.0" /><property name="sim_time_ratio" value="123502.15286799041" /></properties></testcase><testcase classname="test_l1_blocking" name="test_store_then_load_same_word" time="0.001"><properties><property name="cocotb" value="True" /><property name="random_seed" value="1789926007" /><property name="file" value="/home/user/coherent_noc/tb/tests/test_l1_blocking.py" /><property name="line" value="125" /><property name="sim_time_unit" value="ns" /><property name="sim_time_start" value="161.001" /><property name="sim_time_stop" value="332.001" /><property name="sim_time_duration" value="170.99999999999997" /><property name="sim_time_ratio" value="250335.97730742532" /></properties></testcase><testcase classname="test_l1_blocking" name="test_byte_enables" time="0.001"><properties><property name="cocotb" value="True" /><property name="random_seed" value="1789926007" /><property name="file" value="/home/user/coherent_noc/tb/tests/test_l1_blocking.py" /><property name="line" value="141" /><property name="sim_time_unit" value="ns" /><property name="sim_time_start" value="332.002" /><property name="sim_time_stop" value="533.002" /><property name="sim_time_duration" value="200.99999999999994" /><property name="sim_time_ratio" value="271530.6221491595" /></properties></testcase><testcase classname="test_l1_blocking" name="test_dirty_victim_is_written_back" time="0.001"><properties><property name="cocotb" value="True" /><property name="random_seed" value="1789926007" /><property name="file" value="/home/user/coherent_noc/tb/tests/test_l1_blocking.py" /><property name="line" value="158" /><property name="sim_time_unit" value="ns" /><property name="sim_time_start" value="533.003" /><property name="sim_time_stop" value="1094.003" /><property name="sim_time_duration" value="560.9999999999999" /><property name="sim_time_ratio" value="382917.6413023198" /></properties></testcase><testcase classname="test_l1_blocking" name="test_clean_victim_is_not_written_back" time="0.002"><properties><property name="cocotb" value="True" /><property name="random_seed" value="1789926007" /><property name="file" value="/home/user/coherent_noc/tb/tests/test_l1_blocking.py" /><property name="line" value="189" /><property name="sim_time_unit" value="ns" /><property name="sim_time_start" value="1094.004" /><property name="sim_time_stop" value="1875.004" /><property name="sim_time_duration" value="781.0" /><property name="sim_time_ratio" value="373220.45290353574" /></properties></testcase><testcase classname="test_l1_blocking" name="test_random_against_golden" time="0.140"><properties><property name="cocotb" value="True" /><property name="random_seed" value="1789926007" /><property name="file" value="/home/user/coherent_noc/tb/tests/test_l1_blocking.py" /><property name="line" value="223" /><property name="sim_time_unit" value="ns" /><property name="sim_time_start" value="1875.005" /><property name="sim_time_stop" value="57576.005" /><property name="sim_time_duration" value="55701.0" /><property name="sim_time_ratio" value="397431.27582227206" /></properties></testcase></testsuite></testsuites>